
> backend@1.0.0 dev
> nodemon server.js

[33m[nodemon] 3.1.11[39m
[33m[nodemon] to restart at any time, enter `rs`[39m
[33m[nodemon] watching path(s): *.*[39m
[33m[nodemon] watching extensions: js,mjs,cjs,json[39m
[32m[nodemon] starting `node server.js`[39m
[dotenv@17.2.3] injecting env (0) from .env -- tip: 📡 add observability to secrets: https://dotenvx.com/ops
🚀 AI Inventory Forecasting API Starting...

✅ auth routes loaded at /api/auth
✅ admin routes loaded at /api/admin
✅ users routes loaded at /api/users
✅ products routes loaded at /api/products
✅ sales routes loaded at /api/sales
✅ sync routes loaded at /api/sync
✅ purchase-orders routes loaded at /api/purchase-orders
✅ alerts routes loaded at /api/alerts
✅ inventory routes loaded at /api/inventory
✅ suppliers routes loaded at /api/suppliers
✅ manager routes loaded at /api/manager
✅ forecast routes loaded at /api/forecast
✅ forecast-trigger routes loaded at /api/forecast-trigger
✅ categories routes loaded at /api/categories
✅ dashboard routes loaded at /api/dashboard
[dotenv@17.2.3] injecting env (0) from .env -- tip: 🔄 add secrets lifecycle management: https://dotenvx.com/ops
✅ mpesa routes loaded at /api/mpesa
✅ export routes loaded at /api/export
✅ health-status routes loaded at /api/health-status
✅ settings routes loaded at /api/settings
✅ setup routes loaded at /api/setup
✅ notifications routes loaded at /api/notifications
✅ activity-logs routes loaded at /api/activity-logs
✅ staff-activities routes loaded at /api/staff-activities
✅ reports routes loaded at /api/reports
✅ api routes loaded at /api/api
🚀 Starting forecast scheduler...
✅ Forecast scheduler started with 3 jobs

🎉 Server running on http://localhost:5001
🔗 Available endpoints:
   GET  /health
   POST /api/auth/login
   POST /api/auth/register
   GET  /api/auth/users
🔌 Socket.io server initialized
📊 Forecast scheduler initialized
[31m[nodemon] app crashed - waiting for file changes before starting...[39m
[32m[nodemon] restarting child process[39m
[32m[nodemon] starting `node server.js`[39m
